<?xml version="1.0" encoding="utf-8"?>
<coverage line-rate="1" branch-rate="0.9375" version="1.9" timestamp="1763315057" lines-covered="143" lines-valid="143" branches-covered="45" branches-valid="48">
  <sources>
    <source>C:\Users\vizzo\classes\ClasseMicroservice\src\ClasseMicroservice.Application\</source>
  </sources>
  <packages>
    <package name="ClasseMicroservice.Application" line-rate="1" branch-rate="0.9375" complexity="81">
      <classes>
        <class name="ClasseMicroservice.Application.Queries.GetClassByIdQuery" filename="Queries\GetClassByIdQuery.cs" line-rate="1" branch-rate="1" complexity="2">
          <methods>
            <method name="get_Id" signature="()" line-rate="1" branch-rate="1" complexity="1">
              <lines>
                <line number="5" hits="22" branch="False" />
              </lines>
            </method>
            <method name=".ctor" signature="(System.String)" line-rate="1" branch-rate="1" complexity="1">
              <lines>
                <line number="6" hits="13" branch="False" />
                <line number="7" hits="13" branch="False" />
                <line number="8" hits="13" branch="False" />
                <line number="9" hits="13" branch="False" />
              </lines>
            </method>
          </methods>
          <lines>
            <line number="5" hits="22" branch="False" />
            <line number="6" hits="13" branch="False" />
            <line number="7" hits="13" branch="False" />
            <line number="8" hits="13" branch="False" />
            <line number="9" hits="13" branch="False" />
          </lines>
        </class>
        <class name="ClasseMicroservice.Application.Queries.GetClassByIdQueryHandler" filename="Queries\GetClassByIdQueryHandler.cs" line-rate="1" branch-rate="1" complexity="1">
          <methods>
            <method name=".ctor" signature="(ClasseMicroservice.Domain.Interfaces.IClassRepository)" line-rate="1" branch-rate="1" complexity="1">
              <lines>
                <line number="10" hits="14" branch="False" />
                <line number="11" hits="14" branch="False" />
                <line number="12" hits="14" branch="False" />
                <line number="13" hits="14" branch="False" />
              </lines>
            </method>
          </methods>
          <lines>
            <line number="10" hits="14" branch="False" />
            <line number="11" hits="14" branch="False" />
            <line number="12" hits="14" branch="False" />
            <line number="13" hits="14" branch="False" />
          </lines>
        </class>
        <class name="ClasseMicroservice.Application.Queries.GetClassByIdQueryHandler/&lt;HandleAsync&gt;d__2" filename="Queries\GetClassByIdQueryHandler.cs" line-rate="1" branch-rate="1" complexity="1">
          <methods>
            <method name="MoveNext" signature="()" line-rate="1" branch-rate="1" complexity="1">
              <lines>
                <line number="15" hits="8" branch="False" />
                <line number="16" hits="8" branch="False" />
                <line number="17" hits="8" branch="False" />
              </lines>
            </method>
          </methods>
          <lines>
            <line number="15" hits="8" branch="False" />
            <line number="16" hits="8" branch="False" />
            <line number="17" hits="8" branch="False" />
          </lines>
        </class>
        <class name="ClasseMicroservice.Application.Queries.GetClassesQuery" filename="Queries\GetClassesQuery.cs" line-rate="1" branch-rate="1" complexity="11">
          <methods>
            <method name="get_Year" signature="()" line-rate="1" branch-rate="1" complexity="1">
              <lines>
                <line number="5" hits="26" branch="False" />
              </lines>
            </method>
            <method name="get_Semester" signature="()" line-rate="1" branch-rate="1" complexity="1">
              <lines>
                <line number="6" hits="21" branch="False" />
              </lines>
            </method>
            <method name="get_CourseId" signature="()" line-rate="1" branch-rate="1" complexity="1">
              <lines>
                <line number="7" hits="20" branch="False" />
              </lines>
            </method>
            <method name="get_Page" signature="()" line-rate="1" branch-rate="1" complexity="1">
              <lines>
                <line number="8" hits="10" branch="False" />
              </lines>
            </method>
            <method name="get_Size" signature="()" line-rate="1" branch-rate="1" complexity="1">
              <lines>
                <line number="9" hits="19" branch="False" />
              </lines>
            </method>
            <method name=".ctor" signature="(System.Nullable`1&lt;System.Int32&gt;,System.Nullable`1&lt;System.Int32&gt;,System.String,System.Int32,System.Int32)" line-rate="1" branch-rate="1" complexity="6">
              <lines>
                <line number="11" hits="10" branch="False" />
                <line number="12" hits="10" branch="False" />
                <line number="13" hits="10" branch="False" />
                <line number="14" hits="10" branch="False" />
                <line number="15" hits="10" branch="True" condition-coverage="100% (2/2)">
                  <conditions>
                    <condition number="29" type="jump" coverage="100%" />
                  </conditions>
                </line>
                <line number="16" hits="10" branch="True" condition-coverage="100% (2/2)">
                  <conditions>
                    <condition number="44" type="jump" coverage="100%" />
                  </conditions>
                </line>
                <line number="17" hits="10" branch="True" condition-coverage="100% (2/2)">
                  <conditions>
                    <condition number="60" type="jump" coverage="100%" />
                  </conditions>
                </line>
                <line number="18" hits="10" branch="False" />
              </lines>
            </method>
          </methods>
          <lines>
            <line number="5" hits="26" branch="False" />
            <line number="6" hits="21" branch="False" />
            <line number="7" hits="20" branch="False" />
            <line number="8" hits="10" branch="False" />
            <line number="9" hits="19" branch="False" />
            <line number="11" hits="10" branch="False" />
            <line number="12" hits="10" branch="False" />
            <line number="13" hits="10" branch="False" />
            <line number="14" hits="10" branch="False" />
            <line number="15" hits="10" branch="True" condition-coverage="100% (2/2)">
              <conditions>
                <condition number="29" type="jump" coverage="100%" />
              </conditions>
            </line>
            <line number="16" hits="10" branch="True" condition-coverage="100% (2/2)">
              <conditions>
                <condition number="44" type="jump" coverage="100%" />
              </conditions>
            </line>
            <line number="17" hits="10" branch="True" condition-coverage="100% (2/2)">
              <conditions>
                <condition number="60" type="jump" coverage="100%" />
              </conditions>
            </line>
            <line number="18" hits="10" branch="False" />
          </lines>
        </class>
        <class name="ClasseMicroservice.Application.Queries.GetClassesQueryHandler" filename="Queries\GetClassesQueryHandler.cs" line-rate="1" branch-rate="1" complexity="1">
          <methods>
            <method name=".ctor" signature="(ClasseMicroservice.Domain.Interfaces.IClassRepository)" line-rate="1" branch-rate="1" complexity="1">
              <lines>
                <line number="13" hits="18" branch="False" />
                <line number="14" hits="18" branch="False" />
                <line number="15" hits="18" branch="False" />
                <line number="16" hits="18" branch="False" />
              </lines>
            </method>
          </methods>
          <lines>
            <line number="13" hits="18" branch="False" />
            <line number="14" hits="18" branch="False" />
            <line number="15" hits="18" branch="False" />
            <line number="16" hits="18" branch="False" />
          </lines>
        </class>
        <class name="ClasseMicroservice.Application.Queries.GetClassesQueryHandler/&lt;&gt;c__DisplayClass2_0" filename="Queries\GetClassesQueryHandler.cs" line-rate="1" branch-rate="1" complexity="3">
          <methods>
            <method name="&lt;HandleAsync&gt;b__0" signature="(ClasseMicroservice.Domain.Entities.Class)" line-rate="1" branch-rate="1" complexity="1">
              <lines>
                <line number="24" hits="21" branch="False" />
              </lines>
            </method>
            <method name="&lt;HandleAsync&gt;b__1" signature="(ClasseMicroservice.Domain.Entities.Class)" line-rate="1" branch-rate="1" complexity="1">
              <lines>
                <line number="27" hits="16" branch="False" />
              </lines>
            </method>
            <method name="&lt;HandleAsync&gt;b__2" signature="(ClasseMicroservice.Domain.Entities.Class)" line-rate="1" branch-rate="1" complexity="1">
              <lines>
                <line number="30" hits="14" branch="False" />
              </lines>
            </method>
          </methods>
          <lines>
            <line number="24" hits="21" branch="False" />
            <line number="27" hits="16" branch="False" />
            <line number="30" hits="14" branch="False" />
          </lines>
        </class>
        <class name="ClasseMicroservice.Application.Queries.GetClassesQueryHandler/&lt;HandleAsync&gt;d__2" filename="Queries\GetClassesQueryHandler.cs" line-rate="1" branch-rate="1" complexity="6">
          <methods>
            <method name="MoveNext" signature="()" line-rate="1" branch-rate="1" complexity="6">
              <lines>
                <line number="19" hits="9" branch="False" />
                <line number="20" hits="9" branch="False" />
                <line number="23" hits="9" branch="True" condition-coverage="100% (2/2)">
                  <conditions>
                    <condition number="202" type="jump" coverage="100%" />
                  </conditions>
                </line>
                <line number="26" hits="9" branch="True" condition-coverage="100% (2/2)">
                  <conditions>
                    <condition number="272" type="jump" coverage="100%" />
                  </conditions>
                </line>
                <line number="29" hits="9" branch="True" condition-coverage="100% (2/2)">
                  <conditions>
                    <condition number="341" type="jump" coverage="100%" />
                  </conditions>
                </line>
                <line number="33" hits="9" branch="False" />
                <line number="34" hits="9" branch="False" />
                <line number="35" hits="9" branch="False" />
                <line number="36" hits="9" branch="False" />
                <line number="37" hits="9" branch="False" />
              </lines>
            </method>
          </methods>
          <lines>
            <line number="19" hits="9" branch="False" />
            <line number="20" hits="9" branch="False" />
            <line number="23" hits="9" branch="True" condition-coverage="100% (2/2)">
              <conditions>
                <condition number="202" type="jump" coverage="100%" />
              </conditions>
            </line>
            <line number="26" hits="9" branch="True" condition-coverage="100% (2/2)">
              <conditions>
                <condition number="272" type="jump" coverage="100%" />
              </conditions>
            </line>
            <line number="29" hits="9" branch="True" condition-coverage="100% (2/2)">
              <conditions>
                <condition number="341" type="jump" coverage="100%" />
              </conditions>
            </line>
            <line number="33" hits="9" branch="False" />
            <line number="34" hits="9" branch="False" />
            <line number="35" hits="9" branch="False" />
            <line number="36" hits="9" branch="False" />
            <line number="37" hits="9" branch="False" />
          </lines>
        </class>
        <class name="ClasseMicroservice.Application.Queries.GetExamsQuery" filename="Queries\GetExamsQuery.cs" line-rate="1" branch-rate="1" complexity="2">
          <methods>
            <method name="get_ClassId" signature="()" line-rate="1" branch-rate="1" complexity="1">
              <lines>
                <line number="5" hits="2" branch="False" />
              </lines>
            </method>
            <method name=".ctor" signature="(System.String)" line-rate="1" branch-rate="1" complexity="1">
              <lines>
                <line number="7" hits="1" branch="False" />
                <line number="8" hits="1" branch="False" />
                <line number="9" hits="1" branch="False" />
                <line number="10" hits="1" branch="False" />
              </lines>
            </method>
          </methods>
          <lines>
            <line number="5" hits="2" branch="False" />
            <line number="7" hits="1" branch="False" />
            <line number="8" hits="1" branch="False" />
            <line number="9" hits="1" branch="False" />
            <line number="10" hits="1" branch="False" />
          </lines>
        </class>
        <class name="ClasseMicroservice.Application.Queries.GetExamsQueryHandler" filename="Queries\GetExamsQueryHandler.cs" line-rate="1" branch-rate="1" complexity="1">
          <methods>
            <method name=".ctor" signature="(ClasseMicroservice.Domain.Interfaces.IExamRepository)" line-rate="1" branch-rate="1" complexity="1">
              <lines>
                <line number="12" hits="1" branch="False" />
                <line number="13" hits="1" branch="False" />
                <line number="14" hits="1" branch="False" />
                <line number="15" hits="1" branch="False" />
              </lines>
            </method>
          </methods>
          <lines>
            <line number="12" hits="1" branch="False" />
            <line number="13" hits="1" branch="False" />
            <line number="14" hits="1" branch="False" />
            <line number="15" hits="1" branch="False" />
          </lines>
        </class>
        <class name="ClasseMicroservice.Application.Queries.GetExamsQueryHandler/&lt;HandleAsync&gt;d__2" filename="Queries\GetExamsQueryHandler.cs" line-rate="1" branch-rate="1" complexity="1">
          <methods>
            <method name="MoveNext" signature="()" line-rate="1" branch-rate="1" complexity="1">
              <lines>
                <line number="18" hits="1" branch="False" />
                <line number="19" hits="1" branch="False" />
                <line number="20" hits="1" branch="False" />
              </lines>
            </method>
          </methods>
          <lines>
            <line number="18" hits="1" branch="False" />
            <line number="19" hits="1" branch="False" />
            <line number="20" hits="1" branch="False" />
          </lines>
        </class>
        <class name="ClasseMicroservice.Application.Commands.AddExamCommand" filename="Commands\AddExamCommand.cs" line-rate="1" branch-rate="1" complexity="3">
          <methods>
            <method name="get_ClassId" signature="()" line-rate="1" branch-rate="1" complexity="1">
              <lines>
                <line number="7" hits="6" branch="False" />
              </lines>
            </method>
            <method name="get_Exam" signature="()" line-rate="1" branch-rate="1" complexity="1">
              <lines>
                <line number="8" hits="6" branch="False" />
              </lines>
            </method>
            <method name=".ctor" signature="(System.String,ClasseMicroservice.Domain.Entities.Exam)" line-rate="1" branch-rate="1" complexity="1">
              <lines>
                <line number="10" hits="3" branch="False" />
                <line number="11" hits="3" branch="False" />
                <line number="12" hits="3" branch="False" />
                <line number="13" hits="3" branch="False" />
                <line number="14" hits="3" branch="False" />
              </lines>
            </method>
          </methods>
          <lines>
            <line number="7" hits="6" branch="False" />
            <line number="8" hits="6" branch="False" />
            <line number="10" hits="3" branch="False" />
            <line number="11" hits="3" branch="False" />
            <line number="12" hits="3" branch="False" />
            <line number="13" hits="3" branch="False" />
            <line number="14" hits="3" branch="False" />
          </lines>
        </class>
        <class name="ClasseMicroservice.Application.Commands.AddExamCommandHandler" filename="Commands\AddExamCommandHandler.cs" line-rate="1" branch-rate="1" complexity="1">
          <methods>
            <method name=".ctor" signature="(ClasseMicroservice.Domain.Interfaces.IExamRepository)" line-rate="1" branch-rate="1" complexity="1">
              <lines>
                <line number="10" hits="3" branch="False" />
                <line number="11" hits="3" branch="False" />
                <line number="12" hits="3" branch="False" />
                <line number="13" hits="3" branch="False" />
              </lines>
            </method>
          </methods>
          <lines>
            <line number="10" hits="3" branch="False" />
            <line number="11" hits="3" branch="False" />
            <line number="12" hits="3" branch="False" />
            <line number="13" hits="3" branch="False" />
          </lines>
        </class>
        <class name="ClasseMicroservice.Application.Commands.AddExamCommandHandler/&lt;HandleAsync&gt;d__2" filename="Commands\AddExamCommandHandler.cs" line-rate="1" branch-rate="1" complexity="4">
          <methods>
            <method name="MoveNext" signature="()" line-rate="1" branch-rate="1" complexity="4">
              <lines>
                <line number="16" hits="3" branch="False" />
                <line number="17" hits="3" branch="False" />
                <line number="18" hits="3" branch="True" condition-coverage="100% (4/4)">
                  <conditions>
                    <condition number="41" type="jump" coverage="100%" />
                    <condition number="64" type="jump" coverage="100%" />
                  </conditions>
                </line>
                <line number="19" hits="1" branch="False" />
                <line number="21" hits="3" branch="False" />
                <line number="22" hits="3" branch="False" />
              </lines>
            </method>
          </methods>
          <lines>
            <line number="16" hits="3" branch="False" />
            <line number="17" hits="3" branch="False" />
            <line number="18" hits="3" branch="True" condition-coverage="100% (4/4)">
              <conditions>
                <condition number="41" type="jump" coverage="100%" />
                <condition number="64" type="jump" coverage="100%" />
              </conditions>
            </line>
            <line number="19" hits="1" branch="False" />
            <line number="21" hits="3" branch="False" />
            <line number="22" hits="3" branch="False" />
          </lines>
        </class>
        <class name="ClasseMicroservice.Application.Commands.CreateClassCommand" filename="Commands\CreateClassCommand.cs" line-rate="1" branch-rate="1" complexity="2">
          <methods>
            <method name="get_Class" signature="()" line-rate="1" branch-rate="1" complexity="1">
              <lines>
                <line number="7" hits="12" branch="False" />
              </lines>
            </method>
            <method name=".ctor" signature="(ClasseMicroservice.Domain.Entities.Class)" line-rate="1" branch-rate="1" complexity="1">
              <lines>
                <line number="8" hits="6" branch="False" />
                <line number="9" hits="6" branch="False" />
                <line number="10" hits="6" branch="False" />
                <line number="11" hits="6" branch="False" />
              </lines>
            </method>
          </methods>
          <lines>
            <line number="7" hits="12" branch="False" />
            <line number="8" hits="6" branch="False" />
            <line number="9" hits="6" branch="False" />
            <line number="10" hits="6" branch="False" />
            <line number="11" hits="6" branch="False" />
          </lines>
        </class>
        <class name="ClasseMicroservice.Application.Commands.CreateClassCommandHandler" filename="Commands\CreateClassCommandHandler.cs" line-rate="1" branch-rate="1" complexity="1">
          <methods>
            <method name=".ctor" signature="(ClasseMicroservice.Domain.Interfaces.IClassRepository)" line-rate="1" branch-rate="1" complexity="1">
              <lines>
                <line number="10" hits="13" branch="False" />
                <line number="11" hits="13" branch="False" />
                <line number="12" hits="13" branch="False" />
                <line number="13" hits="13" branch="False" />
              </lines>
            </method>
          </methods>
          <lines>
            <line number="10" hits="13" branch="False" />
            <line number="11" hits="13" branch="False" />
            <line number="12" hits="13" branch="False" />
            <line number="13" hits="13" branch="False" />
          </lines>
        </class>
        <class name="ClasseMicroservice.Application.Commands.CreateClassCommandHandler/&lt;HandleAsync&gt;d__2" filename="Commands\CreateClassCommandHandler.cs" line-rate="1" branch-rate="0.9062" complexity="32">
          <methods>
            <method name="MoveNext" signature="()" line-rate="1" branch-rate="0.9062" complexity="32">
              <lines>
                <line number="15" hits="5" branch="False" />
                <line number="17" hits="5" branch="False" />
                <line number="18" hits="5" branch="True" condition-coverage="100% (2/2)">
                  <conditions>
                    <condition number="46" type="jump" coverage="100%" />
                  </conditions>
                </line>
                <line number="19" hits="5" branch="False" />
                <line number="20" hits="5" branch="True" condition-coverage="100% (2/2)">
                  <conditions>
                    <condition number="70" type="jump" coverage="100%" />
                  </conditions>
                </line>
                <line number="21" hits="4" branch="False" />
                <line number="23" hits="5" branch="True" condition-coverage="100% (2/2)">
                  <conditions>
                    <condition number="121" type="jump" coverage="100%" />
                  </conditions>
                </line>
                <line number="24" hits="5" branch="False" />
                <line number="25" hits="19" branch="True" condition-coverage="100% (2/2)">
                  <conditions>
                    <condition number="253" type="jump" coverage="100%" />
                  </conditions>
                </line>
                <line number="26" hits="2" branch="False" />
                <line number="27" hits="2" branch="True" condition-coverage="75% (3/4)">
                  <conditions>
                    <condition number="176" type="jump" coverage="50%" />
                    <condition number="201" type="jump" coverage="100%" />
                  </conditions>
                </line>
                <line number="28" hits="1" branch="False" />
                <line number="29" hits="2" branch="False" />
                <line number="30" hits="5" branch="False" />
                <line number="32" hits="5" branch="True" condition-coverage="100% (2/2)">
                  <conditions>
                    <condition number="311" type="jump" coverage="100%" />
                  </conditions>
                </line>
                <line number="33" hits="5" branch="False" />
                <line number="34" hits="19" branch="True" condition-coverage="100% (2/2)">
                  <conditions>
                    <condition number="443" type="jump" coverage="100%" />
                  </conditions>
                </line>
                <line number="35" hits="2" branch="False" />
                <line number="36" hits="2" branch="True" condition-coverage="75% (3/4)">
                  <conditions>
                    <condition number="366" type="jump" coverage="50%" />
                    <condition number="391" type="jump" coverage="100%" />
                  </conditions>
                </line>
                <line number="37" hits="1" branch="False" />
                <line number="38" hits="2" branch="False" />
                <line number="39" hits="5" branch="False" />
                <line number="41" hits="5" branch="True" condition-coverage="100% (2/2)">
                  <conditions>
                    <condition number="501" type="jump" coverage="100%" />
                  </conditions>
                </line>
                <line number="42" hits="5" branch="False" />
                <line number="43" hits="19" branch="True" condition-coverage="100% (2/2)">
                  <conditions>
                    <condition number="633" type="jump" coverage="100%" />
                  </conditions>
                </line>
                <line number="44" hits="2" branch="False" />
                <line number="45" hits="2" branch="True" condition-coverage="75% (3/4)">
                  <conditions>
                    <condition number="556" type="jump" coverage="50%" />
                    <condition number="581" type="jump" coverage="100%" />
                  </conditions>
                </line>
                <line number="46" hits="1" branch="False" />
                <line number="47" hits="2" branch="False" />
                <line number="48" hits="5" branch="False" />
                <line number="50" hits="5" branch="True" condition-coverage="100% (4/4)">
                  <conditions>
                    <condition number="684" type="jump" coverage="100%" />
                    <condition number="714" type="jump" coverage="100%" />
                  </conditions>
                </line>
                <line number="51" hits="1" branch="False" />
                <line number="52" hits="1" branch="False" />
                <line number="53" hits="1" branch="False" />
                <line number="54" hits="5" branch="False" />
                <line number="56" hits="5" branch="False" />
                <line number="57" hits="5" branch="False" />
              </lines>
            </method>
          </methods>
          <lines>
            <line number="15" hits="5" branch="False" />
            <line number="17" hits="5" branch="False" />
            <line number="18" hits="5" branch="True" condition-coverage="100% (2/2)">
              <conditions>
                <condition number="46" type="jump" coverage="100%" />
              </conditions>
            </line>
            <line number="19" hits="5" branch="False" />
            <line number="20" hits="5" branch="True" condition-coverage="100% (2/2)">
              <conditions>
                <condition number="70" type="jump" coverage="100%" />
              </conditions>
            </line>
            <line number="21" hits="4" branch="False" />
            <line number="23" hits="5" branch="True" condition-coverage="100% (2/2)">
              <conditions>
                <condition number="121" type="jump" coverage="100%" />
              </conditions>
            </line>
            <line number="24" hits="5" branch="False" />
            <line number="25" hits="19" branch="True" condition-coverage="100% (2/2)">
              <conditions>
                <condition number="253" type="jump" coverage="100%" />
              </conditions>
            </line>
            <line number="26" hits="2" branch="False" />
            <line number="27" hits="2" branch="True" condition-coverage="75% (3/4)">
              <conditions>
                <condition number="176" type="jump" coverage="50%" />
                <condition number="201" type="jump" coverage="100%" />
              </conditions>
            </line>
            <line number="28" hits="1" branch="False" />
            <line number="29" hits="2" branch="False" />
            <line number="30" hits="5" branch="False" />
            <line number="32" hits="5" branch="True" condition-coverage="100% (2/2)">
              <conditions>
                <condition number="311" type="jump" coverage="100%" />
              </conditions>
            </line>
            <line number="33" hits="5" branch="False" />
            <line number="34" hits="19" branch="True" condition-coverage="100% (2/2)">
              <conditions>
                <condition number="443" type="jump" coverage="100%" />
              </conditions>
            </line>
            <line number="35" hits="2" branch="False" />
            <line number="36" hits="2" branch="True" condition-coverage="75% (3/4)">
              <conditions>
                <condition number="366" type="jump" coverage="50%" />
                <condition number="391" type="jump" coverage="100%" />
              </conditions>
            </line>
            <line number="37" hits="1" branch="False" />
            <line number="38" hits="2" branch="False" />
            <line number="39" hits="5" branch="False" />
            <line number="41" hits="5" branch="True" condition-coverage="100% (2/2)">
              <conditions>
                <condition number="501" type="jump" coverage="100%" />
              </conditions>
            </line>
            <line number="42" hits="5" branch="False" />
            <line number="43" hits="19" branch="True" condition-coverage="100% (2/2)">
              <conditions>
                <condition number="633" type="jump" coverage="100%" />
              </conditions>
            </line>
            <line number="44" hits="2" branch="False" />
            <line number="45" hits="2" branch="True" condition-coverage="75% (3/4)">
              <conditions>
                <condition number="556" type="jump" coverage="50%" />
                <condition number="581" type="jump" coverage="100%" />
              </conditions>
            </line>
            <line number="46" hits="1" branch="False" />
            <line number="47" hits="2" branch="False" />
            <line number="48" hits="5" branch="False" />
            <line number="50" hits="5" branch="True" condition-coverage="100% (4/4)">
              <conditions>
                <condition number="684" type="jump" coverage="100%" />
                <condition number="714" type="jump" coverage="100%" />
              </conditions>
            </line>
            <line number="51" hits="1" branch="False" />
            <line number="52" hits="1" branch="False" />
            <line number="53" hits="1" branch="False" />
            <line number="54" hits="5" branch="False" />
            <line number="56" hits="5" branch="False" />
            <line number="57" hits="5" branch="False" />
          </lines>
        </class>
        <class name="ClasseMicroservice.Application.Commands.DeleteClassCommand" filename="Commands\DeleteClassCommand.cs" line-rate="1" branch-rate="1" complexity="2">
          <methods>
            <method name="get_Id" signature="()" line-rate="1" branch-rate="1" complexity="1">
              <lines>
                <line number="5" hits="4" branch="False" />
              </lines>
            </method>
            <method name=".ctor" signature="(System.String)" line-rate="1" branch-rate="1" complexity="1">
              <lines>
                <line number="7" hits="2" branch="False" />
                <line number="8" hits="2" branch="False" />
                <line number="9" hits="2" branch="False" />
                <line number="10" hits="2" branch="False" />
              </lines>
            </method>
          </methods>
          <lines>
            <line number="5" hits="4" branch="False" />
            <line number="7" hits="2" branch="False" />
            <line number="8" hits="2" branch="False" />
            <line number="9" hits="2" branch="False" />
            <line number="10" hits="2" branch="False" />
          </lines>
        </class>
        <class name="ClasseMicroservice.Application.Commands.DeleteClassCommandHandler" filename="Commands\DeleteClassCommandHandler.cs" line-rate="1" branch-rate="1" complexity="1">
          <methods>
            <method name=".ctor" signature="(ClasseMicroservice.Domain.Interfaces.IClassRepository)" line-rate="1" branch-rate="1" complexity="1">
              <lines>
                <line number="10" hits="13" branch="False" />
                <line number="11" hits="13" branch="False" />
                <line number="12" hits="13" branch="False" />
                <line number="13" hits="13" branch="False" />
              </lines>
            </method>
          </methods>
          <lines>
            <line number="10" hits="13" branch="False" />
            <line number="11" hits="13" branch="False" />
            <line number="12" hits="13" branch="False" />
            <line number="13" hits="13" branch="False" />
          </lines>
        </class>
        <class name="ClasseMicroservice.Application.Commands.DeleteClassCommandHandler/&lt;HandleAsync&gt;d__2" filename="Commands\DeleteClassCommandHandler.cs" line-rate="1" branch-rate="1" complexity="1">
          <methods>
            <method name="MoveNext" signature="()" line-rate="1" branch-rate="1" complexity="1">
              <lines>
                <line number="16" hits="2" branch="False" />
                <line number="17" hits="2" branch="False" />
                <line number="18" hits="2" branch="False" />
              </lines>
            </method>
          </methods>
          <lines>
            <line number="16" hits="2" branch="False" />
            <line number="17" hits="2" branch="False" />
            <line number="18" hits="2" branch="False" />
          </lines>
        </class>
        <class name="ClasseMicroservice.Application.Commands.UpdateClassCommand" filename="Commands\UpdateClassCommand.cs" line-rate="1" branch-rate="1" complexity="3">
          <methods>
            <method name="get_Id" signature="()" line-rate="1" branch-rate="1" complexity="1">
              <lines>
                <line number="7" hits="13" branch="False" />
              </lines>
            </method>
            <method name="get_Class" signature="()" line-rate="1" branch-rate="1" complexity="1">
              <lines>
                <line number="8" hits="15" branch="False" />
              </lines>
            </method>
            <method name=".ctor" signature="(System.String,ClasseMicroservice.Domain.Entities.Class)" line-rate="1" branch-rate="1" complexity="1">
              <lines>
                <line number="10" hits="8" branch="False" />
                <line number="11" hits="8" branch="False" />
                <line number="12" hits="8" branch="False" />
                <line number="13" hits="8" branch="False" />
                <line number="14" hits="8" branch="False" />
              </lines>
            </method>
          </methods>
          <lines>
            <line number="7" hits="13" branch="False" />
            <line number="8" hits="15" branch="False" />
            <line number="10" hits="8" branch="False" />
            <line number="11" hits="8" branch="False" />
            <line number="12" hits="8" branch="False" />
            <line number="13" hits="8" branch="False" />
            <line number="14" hits="8" branch="False" />
          </lines>
        </class>
        <class name="ClasseMicroservice.Application.Commands.UpdateClassCommandHandler" filename="Commands\UpdateClassCommandHandler.cs" line-rate="1" branch-rate="1" complexity="1">
          <methods>
            <method name=".ctor" signature="(ClasseMicroservice.Domain.Interfaces.IClassRepository)" line-rate="1" branch-rate="1" complexity="1">
              <lines>
                <line number="10" hits="13" branch="False" />
                <line number="11" hits="13" branch="False" />
                <line number="12" hits="13" branch="False" />
                <line number="13" hits="13" branch="False" />
              </lines>
            </method>
          </methods>
          <lines>
            <line number="10" hits="13" branch="False" />
            <line number="11" hits="13" branch="False" />
            <line number="12" hits="13" branch="False" />
            <line number="13" hits="13" branch="False" />
          </lines>
        </class>
        <class name="ClasseMicroservice.Application.Commands.UpdateClassCommandHandler/&lt;HandleAsync&gt;d__2" filename="Commands\UpdateClassCommandHandler.cs" line-rate="1" branch-rate="1" complexity="1">
          <methods>
            <method name="MoveNext" signature="()" line-rate="1" branch-rate="1" complexity="1">
              <lines>
                <line number="16" hits="4" branch="False" />
                <line number="17" hits="4" branch="False" />
                <line number="18" hits="4" branch="False" />
              </lines>
            </method>
          </methods>
          <lines>
            <line number="16" hits="4" branch="False" />
            <line number="17" hits="4" branch="False" />
            <line number="18" hits="4" branch="False" />
          </lines>
        </class>
      </classes>
    </package>
  </packages>
</coverage>